c:\users\elisey\games on c++\minecraft\build\minecraft.dir\debug\vc142.pdb
c:\users\elisey\games on c++\minecraft\build\minecraft.dir\debug\resourcemanager.obj
c:\users\elisey\games on c++\minecraft\build\minecraft.dir\debug\vertexarray.obj
c:\users\elisey\games on c++\minecraft\build\minecraft.dir\debug\vertexbuffer.obj
c:\users\elisey\games on c++\minecraft\build\minecraft.dir\debug\indexbuffer.obj
c:\users\elisey\games on c++\minecraft\build\minecraft.dir\debug\shaderprogram.obj
c:\users\elisey\games on c++\minecraft\build\minecraft.dir\debug\texture2d.obj
c:\users\elisey\games on c++\minecraft\build\minecraft.dir\debug\window.obj
c:\users\elisey\games on c++\minecraft\build\minecraft.dir\debug\application.obj
c:\users\elisey\games on c++\minecraft\build\minecraft.dir\debug\main.obj
c:\users\elisey\games on c++\minecraft\build\cmakefiles\generate.stamp
c:\users\elisey\games on c++\minecraft\build\bin\debug\minecraft.exe
c:\users\elisey\games on c++\minecraft\build\minecraft.dir\debug\minecraft.ilk
c:\users\elisey\games on c++\minecraft\build\bin\debug\minecraft.pdb
c:\users\elisey\games on c++\minecraft\build\minecraft.dir\debug\minecraft.tlog\cl.command.1.tlog
c:\users\elisey\games on c++\minecraft\build\minecraft.dir\debug\minecraft.tlog\cl.read.1.tlog
c:\users\elisey\games on c++\minecraft\build\minecraft.dir\debug\minecraft.tlog\cl.write.1.tlog
c:\users\elisey\games on c++\minecraft\build\minecraft.dir\debug\minecraft.tlog\custombuild.command.1.tlog
c:\users\elisey\games on c++\minecraft\build\minecraft.dir\debug\minecraft.tlog\custombuild.read.1.tlog
c:\users\elisey\games on c++\minecraft\build\minecraft.dir\debug\minecraft.tlog\custombuild.write.1.tlog
c:\users\elisey\games on c++\minecraft\build\minecraft.dir\debug\minecraft.tlog\link.command.1.tlog
c:\users\elisey\games on c++\minecraft\build\minecraft.dir\debug\minecraft.tlog\link.read.1.tlog
c:\users\elisey\games on c++\minecraft\build\minecraft.dir\debug\minecraft.tlog\link.write.1.tlog
