  Checking Build System
  CMake is re-running because C:/Users/Elisey/Games on C++/Minecraft/build/CMakeFiles/generate.stamp is out-of-date.
    the file 'C:/Users/Elisey/Games on C++/Minecraft/CMakeLists.txt'
    is newer than 'C:/Users/Elisey/Games on C++/Minecraft/build/CMakeFiles/generate.stamp.depend'
    result='-1'
  CMake Warning (dev) at CMakeLists.txt:4 (project):
    Policy CMP0048 is not set: project() command manages VERSION variables.
    Run "cmake --help-policy CMP0048" for policy details.  Use the cmake_policy
    command to set the policy and suppress this warning.
  
    The following variable(s) would be set to empty:
  
      CMAKE_PROJECT_VERSION
      CMAKE_PROJECT_VERSION_MAJOR
      CMAKE_PROJECT_VERSION_MINOR
      CMAKE_PROJECT_VERSION_PATCH
  This warning is for project developers.  Use -Wno-dev to suppress it.
  
  -- Selecting Windows SDK version 10.0.19041.0 to target Windows 10.0.19043.
  CMake Warning (dev) at CMakeLists.txt:35 (add_library):
    Policy CMP0002 is not set: Logical target names must be globally unique.
    Run "cmake --help-policy CMP0002" for policy details.  Use the cmake_policy
    command to set the policy and suppress this warning.
  This warning is for project developers.  Use -Wno-dev to suppress it.
  
  -- Could NOT find Doxygen (missing: DOXYGEN_EXECUTABLE) 
  -- Including Win32 support
  -- Configuring done
  -- Generating done
  -- Build files have been written to: C:/Users/Elisey/Games on C++/Minecraft/build
